timestamp: 2011-06-20T13:20:32.601529
CREATE TABLE auth_user(
    id INTEGER PRIMARY KEY AUTOINCREMENT,
    first_name CHAR(128),
    last_name CHAR(128),
    email CHAR(512),
    password CHAR(512),
    registration_key CHAR(512),
    reset_password_key CHAR(512)
);
success!
timestamp: 2011-06-20T13:20:32.701133
CREATE TABLE auth_group(
    id INTEGER PRIMARY KEY AUTOINCREMENT,
    role CHAR(512),
    description TEXT
);
success!
timestamp: 2011-06-20T13:20:32.756535
CREATE TABLE auth_membership(
    id INTEGER PRIMARY KEY AUTOINCREMENT,
    user_id INTEGER REFERENCES auth_user(id) ON DELETE CASCADE,
    group_id INTEGER REFERENCES auth_group(id) ON DELETE CASCADE
);
success!
timestamp: 2011-06-20T13:20:32.862705
CREATE TABLE auth_permission(
    id INTEGER PRIMARY KEY AUTOINCREMENT,
    group_id INTEGER REFERENCES auth_group(id) ON DELETE CASCADE,
    name CHAR(512),
    table_name CHAR(512),
    record_id INTEGER
);
success!
timestamp: 2011-06-20T13:20:32.922034
CREATE TABLE auth_event(
    id INTEGER PRIMARY KEY AUTOINCREMENT,
    time_stamp TIMESTAMP,
    client_ip CHAR(512),
    user_id INTEGER REFERENCES auth_user(id) ON DELETE CASCADE,
    origin CHAR(512),
    description TEXT
);
success!
timestamp: 2011-06-20T13:20:33.006216
CREATE TABLE auth_cas(
    id INTEGER PRIMARY KEY AUTOINCREMENT,
    user_id INTEGER REFERENCES auth_user(id) ON DELETE CASCADE,
    created_on TIMESTAMP,
    url CHAR(512),
    uuid CHAR(512)
);
success!
timestamp: 2011-08-02T16:39:19.021868
CREATE TABLE category(
    id INTEGER PRIMARY KEY AUTOINCREMENT,
    name CHAR(512),
    order INTEGER,
    is_active CHAR(1),
    created_on TIMESTAMP,
    created_by INTEGER REFERENCES auth_user(id) ON DELETE CASCADE,
    modified_on TIMESTAMP,
    modified_by INTEGER REFERENCES auth_user(id) ON DELETE CASCADE
);
timestamp: 2011-08-02T16:41:10.023979
CREATE TABLE category(
    id INTEGER PRIMARY KEY AUTOINCREMENT,
    name CHAR(512),
    order INTEGER,
    is_active CHAR(1),
    created_on TIMESTAMP,
    created_by INTEGER REFERENCES auth_user(id) ON DELETE CASCADE,
    modified_on TIMESTAMP,
    modified_by INTEGER REFERENCES auth_user(id) ON DELETE CASCADE
);
timestamp: 2011-08-02T16:41:24.030496
CREATE TABLE category(
    id INTEGER PRIMARY KEY AUTOINCREMENT,
    name CHAR(512),
    order INTEGER,
    is_active CHAR(1),
    created_on TIMESTAMP,
    created_by INTEGER REFERENCES auth_user(id) ON DELETE CASCADE,
    modified_on TIMESTAMP,
    modified_by INTEGER REFERENCES auth_user(id) ON DELETE CASCADE
);
timestamp: 2011-08-02T16:41:37.646782
CREATE TABLE category(
    id INTEGER PRIMARY KEY AUTOINCREMENT,
    name CHAR(512),
    order_index INTEGER,
    is_active CHAR(1),
    created_on TIMESTAMP,
    created_by INTEGER REFERENCES auth_user(id) ON DELETE CASCADE,
    modified_on TIMESTAMP,
    modified_by INTEGER REFERENCES auth_user(id) ON DELETE CASCADE
);
success!
timestamp: 2011-08-02T16:41:37.729467
CREATE TABLE picture(
    id INTEGER PRIMARY KEY AUTOINCREMENT,
    category INTEGER REFERENCES category(id) ON DELETE CASCADE,
    title CHAR(512),
    description TEXT,
    tags TEXT,
    is_active CHAR(1),
    created_on TIMESTAMP,
    created_by INTEGER REFERENCES auth_user(id) ON DELETE CASCADE,
    modified_on TIMESTAMP,
    modified_by INTEGER REFERENCES auth_user(id) ON DELETE CASCADE
);
success!
timestamp: 2011-08-02T16:44:16.174513
ALTER TABLE picture ADD image CHAR(512);
timestamp: 2011-08-02T23:06:22.810831
CREATE TABLE project(
    id INTEGER PRIMARY KEY AUTOINCREMENT,
    category INTEGER REFERENCES category(id) ON DELETE CASCADE,
    name CHAR(512),
    description TEXT
);
success!
timestamp: 2011-08-02T23:06:23.183852
ALTER TABLE picture ADD project INTEGER REFERENCES project(id) ON DELETE CASCADE;
timestamp: 2011-08-02T23:17:25.145812
ALTER TABLE project ADD modified_by INTEGER REFERENCES auth_user(id) ON DELETE CASCADE;
timestamp: 2011-08-02T23:17:25.262814
ALTER TABLE project ADD is_active CHAR(1);
timestamp: 2011-08-02T23:17:25.345377
ALTER TABLE project ADD created_by INTEGER REFERENCES auth_user(id) ON DELETE CASCADE;
timestamp: 2011-08-02T23:17:25.428736
ALTER TABLE project ADD created_on TIMESTAMP;
timestamp: 2011-08-02T23:17:25.512076
ALTER TABLE project ADD year INTEGER;
timestamp: 2011-08-02T23:17:25.595382
ALTER TABLE project ADD modified_on TIMESTAMP;
timestamp: 2011-08-02T23:26:46.469951
ALTER TABLE project ADD representative CHAR(1);
timestamp: 2011-08-02T23:26:46.593403
ALTER TABLE picture ADD representative CHAR(1);
timestamp: 2011-08-03T00:07:00.458328
CREATE TABLE tag(
    id INTEGER PRIMARY KEY AUTOINCREMENT,
    name CHAR(512)
);
success!
DELETE FROM picture;
DELETE FROM sqlite_sequence WHERE name='picture';
success!
timestamp: 2011-08-04T13:11:07.116782
ALTER TABLE project ADD tags TEXT;
timestamp: 2011-08-05T11:00:41.923364
CREATE TABLE about(
    id INTEGER PRIMARY KEY AUTOINCREMENT,
    email CHAR(512),
    description TEXT
);
success!
